--author： fancq----------date:20131223--------for: 支持返回实体List
	src/main/java/org/jeecgframework/minidao/aop/MiniDaoHandler.java
	src/main/java/org/jeecgframework/minidao/util/MiniDaoUtil.java
	src/main/java/org/jeecgframework/minidao/util/BigDecimalConverter.java
	src/main/java/org/jeecgframework/minidao/util/CamelCaseUtils.java
	src/main/java/org/jeecgframework/minidao/util/DateConverter.java
	src/main/java/org/jeecgframework/minidao/spring/rowMapper/GenericRowMapper.java
--author： fancq----------date:20131223--------for: 支持返回实体List
--author： fancq----------date:20131225--------for: sql放到dao层同样目录
	src/main/java/org/jeecgframework/minidao/aop/MiniDaoHandler.java
--author： fancq----------date:20131225--------for: sql放到dao层同样目录
--author： fancq----------date:20140102--------for: 支持多数据库分页
	src/main/java/org/jeecgframework/minidao/aop/MiniDaoHandler.java
	src/main/java/org/jeecgframework/minidao/util/MiniDaoUtil.java
--author： fancq----------date:20140102--------for: 支持多数据库分页
--author： zhaojunfu----------date:20140315--------for: 数据库分页代码的一些调整
	/minidao-framework/src/main/java/org/jeecgframework/minidao/aop/MiniDaoHandler.java--将page,rows成员变量改为方法内定义，避免造成并发冲突
	/minidao-framework/src/main/java/org/jeecgframework/minidao/pojo/MiniDaoPage.java--将page,rows封装成对象便于方法间传递
	/minidao-framework/src/main/java/org/jeecgframework/minidao/util/MiniDaoUtil.java--将数据库类型强制读取dbconfig.properties文件改为读取spring-minidao.xml中的配置
--author： zhaojunfu----------date:20140315--------for: 数据库分页代码的一些调整

